[debug] [2024-10-24T07:30:25.828Z] ----------------------------------------------------------------------
[debug] [2024-10-24T07:30:25.830Z] Command:       /usr/local/share/nvm/versions/node/v20.17.0/bin/node /home/codespace/nvm/current/bin/firebase emulators:start
[debug] [2024-10-24T07:30:25.830Z] CLI Version:   13.22.1
[debug] [2024-10-24T07:30:25.830Z] Platform:      linux
[debug] [2024-10-24T07:30:25.830Z] Node Version:  v20.17.0
[debug] [2024-10-24T07:30:25.830Z] Time:          Thu Oct 24 2024 07:30:25 GMT+0000 (Coordinated Universal Time)
[debug] [2024-10-24T07:30:25.831Z] Env Overrides: GITHUB_API_URL, GITHUB_API_URL
[debug] [2024-10-24T07:30:25.831Z] ----------------------------------------------------------------------
[debug] 
[debug] [2024-10-24T07:30:25.919Z] > command requires scopes: ["email","openid","https://www.googleapis.com/auth/cloudplatformprojects.readonly","https://www.googleapis.com/auth/firebase","https://www.googleapis.com/auth/cloud-platform"]
[debug] [2024-10-24T07:30:25.919Z] > authorizing via signed-in user (malvin.se.ei@gmail.com)
[info] i  emulators: Starting emulators: hosting {"metadata":{"emulator":{"name":"hub"},"message":"Starting emulators: hosting"}}
[debug] [2024-10-24T07:30:25.924Z] [logging] Logging Emulator only supports listening on one address (127.0.0.1). Not listening on ::1
[debug] [2024-10-24T07:30:25.925Z] [hosting] Hosting Emulator only supports listening on one address (127.0.0.1). Not listening on ::1
[debug] [2024-10-24T07:30:25.925Z] assigned listening specs for emulators {"user":{"hub":[{"address":"127.0.0.1","family":"IPv4","port":4400},{"address":"::1","family":"IPv6","port":4400}],"logging":[{"address":"127.0.0.1","family":"IPv4","port":4500}],"hosting":[{"address":"127.0.0.1","family":"IPv4","port":5000}]},"metadata":{"message":"assigned listening specs for emulators"}}
[debug] [2024-10-24T07:30:25.929Z] [hub] writing locator at /tmp/hub-harbour-official.json
[debug] [2024-10-24T07:30:25.943Z] Checked if tokens are valid: true, expires at: 1729758548116
[debug] [2024-10-24T07:30:25.943Z] Checked if tokens are valid: true, expires at: 1729758548116
[debug] [2024-10-24T07:30:25.944Z] >>> [apiv2][query] GET https://firebasehosting.googleapis.com/v1beta1/projects/harbour-official/sites 
[debug] [2024-10-24T07:30:26.997Z] <<< [apiv2][status] GET https://firebasehosting.googleapis.com/v1beta1/projects/harbour-official/sites 200
[debug] [2024-10-24T07:30:26.998Z] <<< [apiv2][body] GET https://firebasehosting.googleapis.com/v1beta1/projects/harbour-official/sites {"sites":[{"name":"projects/harbour-official/sites/harbour-official","defaultUrl":"https://harbour-official.web.app","appId":"1:5091895313:web:b0b2b0189d2fad03e6a9b0","type":"DEFAULT_SITE"}]}
[debug] [2024-10-24T07:30:26.999Z] Checked if tokens are valid: true, expires at: 1729758548116
[debug] [2024-10-24T07:30:26.999Z] Checked if tokens are valid: true, expires at: 1729758548116
[debug] [2024-10-24T07:30:26.999Z] >>> [apiv2][query] GET https://firebase.googleapis.com/v1beta1/projects/harbour-official/webApps/1:5091895313:web:b0b2b0189d2fad03e6a9b0/config [none]
[debug] [2024-10-24T07:30:27.678Z] <<< [apiv2][status] GET https://firebase.googleapis.com/v1beta1/projects/harbour-official/webApps/1:5091895313:web:b0b2b0189d2fad03e6a9b0/config 200
[debug] [2024-10-24T07:30:27.679Z] <<< [apiv2][body] GET https://firebase.googleapis.com/v1beta1/projects/harbour-official/webApps/1:5091895313:web:b0b2b0189d2fad03e6a9b0/config {"projectId":"harbour-official","appId":"1:5091895313:web:b0b2b0189d2fad03e6a9b0","storageBucket":"harbour-official.appspot.com","apiKey":"AIzaSyCxdusBfRM3gfVHPQiZZBCwqYz7-e6qifk","authDomain":"harbour-official.firebaseapp.com","messagingSenderId":"5091895313","measurementId":"G-91DHMX931L"}
[debug] [2024-10-24T07:30:27.681Z] Checked if tokens are valid: true, expires at: 1729758548116
[debug] [2024-10-24T07:30:27.681Z] Checked if tokens are valid: true, expires at: 1729758548116
[debug] [2024-10-24T07:30:27.682Z] >>> [apiv2][query] GET https://firebase.googleapis.com/v1beta1/projects/harbour-official [none]
[debug] [2024-10-24T07:30:27.913Z] <<< [apiv2][status] GET https://firebase.googleapis.com/v1beta1/projects/harbour-official 200
[debug] [2024-10-24T07:30:27.913Z] <<< [apiv2][body] GET https://firebase.googleapis.com/v1beta1/projects/harbour-official {"projectId":"harbour-official","projectNumber":"5091895313","displayName":"Harbour","name":"projects/harbour-official","resources":{"hostingSite":"harbour-official"},"state":"ACTIVE","etag":"1_f53b1c75-9922-468d-bfc4-9d9f67424d4b"}
[info] i  hosting[harbour-official]: Serving hosting files from: out {"metadata":{"emulator":{"name":"hosting"},"message":"Serving hosting files from: \u001b[1mout\u001b[22m"}}
[info] ✔  hosting[harbour-official]: Local server: http://127.0.0.1:5000 {"metadata":{"emulator":{"name":"hosting"},"message":"Local server: \u001b[4m\u001b[1mhttp://127.0.0.1:5000\u001b[22m\u001b[24m"}}
[warn] ⚠  emulators: The Emulator UI is not starting, either because none of the running emulators have a UI component or the Emulator UI cannot determine the Project ID. Pass the --project flag to specify a project. {"metadata":{"emulator":{"name":"hub"},"message":"The Emulator UI is not starting, either because none of the running emulators have a UI component or the Emulator UI cannot determine the Project ID. Pass the --project flag to specify a project."}}
[debug] [2024-10-24T07:30:27.927Z] Could not find VSCode notification endpoint: FetchError: request to http://localhost:40001/vscode/notify failed, reason: . If you are not running the Firebase Data Connect VSCode extension, this is expected and not an issue.
[info] 
┌─────────────────────────────────────────────────────────────┐
│ ✔  All emulators ready! It is now safe to connect your app. │
└─────────────────────────────────────────────────────────────┘

┌──────────┬────────────────┐
│ Emulator │ Host:Port      │
├──────────┼────────────────┤
│ Hosting  │ 127.0.0.1:5000 │
└──────────┴────────────────┘
  Emulator Hub running at 127.0.0.1:4400
  Other reserved ports: 4500

Issues? Report them at https://github.com/firebase/firebase-tools/issues and attach the *-debug.log files.
 
